<?xml version="1.0" encoding="UTF-8"?>
<!-- Generated by org.testng.reporters.JUnitReportReporter -->
<testsuite hostname="Israel" failures="0" tests="1" name="bc.mobile.Login" time="0.005" errors="0" timestamp="2023-08-15T19:45:20 WAT" skipped="0">
  <testcase classname="bc.mobile.Login" name="f" time="0.005"/>
</testsuite> <!-- bc.mobile.Login -->
