<?xml version="1.0" encoding="UTF-8"?>
<!-- Generated by org.testng.reporters.JUnitReportReporter -->
<testsuite hostname="Israel" failures="0" tests="3" name="com.qa.tests.LoginTests" time="35.341" errors="0" timestamp="2023-08-28T17:28:16 WAT" skipped="0">
  <testcase classname="com.qa.tests.LoginTests" name="invalidPassword" time="9.655"/>
  <testcase classname="com.qa.tests.LoginTests" name="successfulLogin" time="9.992"/>
  <testcase classname="com.qa.tests.LoginTests" name="invalidEmailOrPhone" time="15.694"/>
</testsuite> <!-- com.qa.tests.LoginTests -->
